{"path":"/hasLogin","req":{"tokencode":""},"logId":"2096b5fa2762638ef409eace89c9bcbf"}
{"path":"/login","req":{"email":"1418145349@qq.com","pwd":"du42DU!"},"logId":"f2f482c067dc507d37c4703ab2fa7728"}
{"path":"/article","req":{"tokencode":"34d3d1a2bf73ed002690c93eb0893a8f"},"logId":"33124452391a9566e47d998a343fc159"}
{"path":"/hasLogin","req":{"tokencode":""},"logId":"daac5e37bf7210bcdf8feb6febd36676"}
{"path":"/login","req":{"email":"1418145349@qq.com","pwd":"du42DU!"},"logId":"a3f908a0d997ca5f2af9fe39adc43cbc"}
{"path":"/article","req":{"tokencode":"72b35c747bd5c3eb115638c38c843feb"},"logId":"e5ef432969603c8106f989273bea7358"}
{"path":"/hasLogin","req":{"tokencode":""},"logId":"4128e275a9cbe21f57355ab02a00acc5"}
{"path":"/hasLogin","req":{"tokencode":""},"logId":"13f3c3ac73aa4448b0242a144e16313b"}
{"path":"/login","req":{"email":"1418145349@qq.com","pwd":"du42DU!"},"logId":"698cc9158d0ee944902aa29fb169f4b8"}
{"path":"/article","req":{"tokencode":"bf58b7b416351accc506e4277791f360"},"logId":"80f347c92d002a30147a5b300446bb80"}
{"path":"/hasLogin","req":{"tokencode":""},"logId":"11743df4fb593aeacfff8733e927d657"}
{"path":"/hasLogin","req":{"tokencode":""},"logId":"e85399feceac262ff3108085f1a6edc8"}
{"path":"/hasLogin","req":{"tokencode":""},"logId":"953ef5886492bfafe2ad34886a8a4cdf"}
{"path":"/login","req":{"email":"1418145349@qq.com","pwd":"du42DU!"},"logId":"e808d74fdbce83cd11a710cecbefbd6a"}
{"path":"/article","req":{"tokencode":"b26f8d6798028f478d3d417d4b9e21fb"},"logId":"59a3d4cdb70c7376fab993607160b95a"}
{"path":"/hasLogin","req":{"tokencode":""},"logId":"3e5dd8a215782c192ecfca9dae3a0717"}
{"path":"/login","req":{"email":"1418145349@qq.com","pwd":"du42DU!"},"logId":"3af14928135ef07daada0ec797cf6e01"}
{"path":"/article","req":{"tokencode":"ce8a83e95c3d2050faa0f0358d67dbcf"},"logId":"78e4256fff2c4f89294bae8afed8e27a"}
{"path":"/hasLogin","req":{"tokencode":""},"logId":"7d611c902c821ed7fa1edd4539118f3d"}
{"path":"/hasLogin","req":{"tokencode":""},"logId":"ea452564002bcb445e23e1223418862a"}
{"path":"/hasLogin","req":{"tokencode":""},"logId":"6f9504a56e87e226fa1064c220c2460a"}
{"path":"/hasLogin","req":{"tokencode":""},"logId":"e2ed2a957c991ad3d6473fcb69afb708"}
{"path":"/hasLogin","req":{"tokencode":""},"logId":"dd1b6f4039c9586605f95b5a3559c8b6"}
{"path":"/hasLogin","req":{"tokencode":""},"logId":"73abd9977c5a6f7195afc6d2c67fa76e"}
{"path":"/hasLogin","req":{"tokencode":""},"logId":"30afa2803e023298a175a0120c26171b"}
{"path":"/login","req":{"email":"1418145349@qq.com","pwd":"du42DU!"},"logId":"80afe988899e36e1f9a13bd29c68fcdd"}
{"path":"/article","req":{"tokencode":"d732fb123dba608bf8fc71d4ac8f44a5"},"logId":"037f50dc901f6210883fdb7ff9ed90fe"}
{"path":"/hasLogin","req":{"tokencode":""},"logId":"a7d3d32554d3f0203f276c4d61f4673a"}
{"path":"/hasLogin","req":{"tokencode":""},"logId":"89c6767626cb51a8b75da868358312bd"}
{"path":"/hasLogin","req":{"tokencode":""},"logId":"25a6093cabad3cf656e4755485e3ca02"}
{"path":"/hasLogin","req":{"tokencode":""},"logId":"b3216d5e1c10d232f2921d62ffc15d53"}
{"path":"/hasLogin","req":{"tokencode":""},"logId":"4ac75635b33f577121d593ffe5424aea"}
{"path":"/hasLogin","req":{"tokencode":""},"logId":"06f3bf900e80213d16845648190f650c"}
{"path":"/hasLogin","req":{"tokencode":""},"logId":"92cc428f5d87c91ed3ece6e24a1e6ef7"}
{"path":"/hasLogin","req":{"tokencode":""},"logId":"beb040c7a56d81a3a3b1701d25a39db5"}
{"path":"/hasLogin","req":{"tokencode":""},"logId":"584114f9f25cfd2f3ea2fc4775089b0b"}
{"path":"/hasLogin","req":{"tokencode":""},"logId":"3d095504edb404c06fb437da04897e3b"}
{"path":"/hasLogin","req":{"tokencode":""},"logId":"c65a1ce624040aa1aa7441ef9f4d12cd"}
{"path":"/hasLogin","req":{"tokencode":""},"logId":"f613b310e4c8cd0367e3686d7d8d5392"}
{"path":"/hasLogin","req":{"tokencode":""},"logId":"46848f348013275f5d9a7d0ee4601d10"}
{"path":"/login","req":{"email":"1418145349@qq.com","pwd":"du42DU!"},"logId":"8b1e5f707ec4137bda117deecd047373"}
{"path":"/article","req":{"tokencode":"c33f651436f05f2b225dfe769404e9ca"},"logId":"64b17f26b92e234833bfab2128732376"}
{"path":"/hasLogin","req":{"tokencode":""},"logId":"9c615246b2cf3f8ebc085433c7cf80f6"}
{"path":"/hasLogin","req":{"tokencode":""},"logId":"12851046e1f5ba141dd02f66a88fe6f7"}
{"path":"/hasLogin","req":{"tokencode":""},"logId":"31d83ffdd0f255e86e60341387d5edd7"}
{"path":"/hasLogin","req":{"tokencode":""},"logId":"4342d1f7c89b26e18086a763f638ac2f"}
{"path":"/hasLogin","req":{"tokencode":""},"logId":"c2fad475de285a7c820c4e007e011ce9"}
{"path":"/hasLogin","req":{"tokencode":""},"logId":"dd8ad2dc7d52e63e5f72bb9e6d02197c"}
{"path":"/login","req":{"email":"1418145349@qq.com","pwd":"du42DU!"},"logId":"6df03d065ccfb113ed9e049efcc02978"}
{"path":"/login","req":{"email":"1418145349@qq.com","pwd":"du42DU!"},"logId":"79121ce2d79248daa38f8053c5fb54f8"}
{"path":"/article","req":{"tokencode":"b8760c06ae4644c008458db95c70d23d"},"logId":"93997c52f96c152efb6b5eebb3633f46"}
{"path":"/hasLogin","req":{"tokencode":""},"logId":"3d45380dee24ba6ef71810e9751f30f5"}
{"path":"/hasLogin","req":{"tokencode":""},"logId":"fc80e1f088b8247da498e7f52646ab08"}
{"path":"/hasLogin","req":{"tokencode":""},"logId":"ca5a6f97158238e9bed09b3080e28022"}
{"path":"/hasLogin","req":{"tokencode":""},"logId":"89425a0edbb75d535e1fc1b22debaea9"}
{"path":"/hasLogin","req":{"tokencode":""},"logId":"a8fef5e045fad69b8da58ff6385c94e2"}
{"path":"/hasLogin","req":{"tokencode":""},"logId":"de937e073bdbd4f21ae5aaead02b5d4e"}
{"path":"/hasLogin","req":{"tokencode":""},"logId":"596013bf0350c868a49d80c9c1b4d329"}
{"path":"/hasLogin","req":{"tokencode":""},"logId":"dab3051e6b625ab7d71ec1b9899308c0"}
{"path":"/hasLogin","req":{"tokencode":""},"logId":"7ef3deaeeaaf18ee9e448275d20b8dc2"}
{"path":"/hasLogin","req":{"tokencode":""},"logId":"21fcf30a56b345e6d82426cf54892dd0"}
{"path":"/hasLogin","req":{"tokencode":""},"logId":"1720ea0ab99b42caff667562200409eb"}
{"path":"/hasLogin","req":{"tokencode":""},"logId":"01b9c82d100e3d0c7f9f37217e6af11e"}
{"path":"/hasLogin","req":{"tokencode":""},"logId":"27fc659821be9c6da7e5db491b071092"}
{"path":"/hasLogin","req":{"tokencode":""},"logId":"1c6ab21bb888697a5b6edac003c5de8d"}
{"path":"/hasLogin","req":{"tokencode":""},"logId":"fba884f3ceb3b6e1f5edbdab6d34a1dc"}
{"path":"/hasLogin","req":{"tokencode":""},"logId":"4a72ab72832381faea165324328bd873"}
{"path":"/hasLogin","req":{"tokencode":""},"logId":"1ffa5015b5e1eb4db1378f858a2c34a8"}
{"path":"/hasLogin","req":{"tokencode":""},"logId":"47c56050226623947da425987bb7a2b4"}
{"path":"/hasLogin","req":{"tokencode":""},"logId":"4edf9fc14fc95c27dbbd0ee786f3f37e"}
{"path":"/hasLogin","req":{"tokencode":""},"logId":"9a0b936918ee489c6a0e2ab52219a616"}
{"path":"/hasLogin","req":{"tokencode":""},"logId":"3120740d00e7d95ae4eb5c3ce63412d4"}
{"path":"/hasLogin","req":{"tokencode":""},"logId":"1f0cccf9df5cdaf9353718ee9343bc13"}
{"path":"/hasLogin","req":{"tokencode":""},"logId":"b502d1e1329e665ee2c4a076598c3ff1"}
{"path":"/hasLogin","req":{"tokencode":""},"logId":"39a171d762a1d10459c44dd67366c6a3"}
{"path":"/hasLogin","req":{"tokencode":""},"logId":"d6f0b9960eae06da8080c50c85496f40"}
{"path":"/hasLogin","req":{"tokencode":""},"logId":"432d57b4e6b2b5d03a951af75d66fe83"}
{"path":"/hasLogin","req":{"tokencode":""},"logId":"97d2703f492c75454e8a24984c37788f"}
{"path":"/login","req":{"email":"1418145349@qq.com","pwd":"du42DU!"},"logId":"c94c2f51a00db2281734b00c6569d8a8"}
{"path":"/article","req":{"tokencode":"fb0860c01d5c92397068ac3b223d565b"},"logId":"7f146fa4abed7f14fc8143f54e98b58a"}
{"path":"/login","req":{"email":"1418145349@qq.com","pwd":"du42DU!"},"logId":"0d33edc18246521a04ee54729028de58"}
{"path":"/article","req":{"tokencode":"dbea7e858ca4353620fad3bceea9ad39"},"logId":"f07c48d4c15d55b038b8b85dacf6ac1c"}
{"path":"/hasLogin","req":{"tokencode":""},"logId":"1a9deccf64dac8dfe8f18526465000fe"}
{"path":"/login","req":{"email":"1418145349@qq.com","pwd":"du42DU!"},"logId":"eed339e375c7b1cc783fb9c96d1a59b8"}
{"path":"/article","req":{"tokencode":"7b0c4669872960ce794b682546b16d5a"},"logId":"01ceb3fbd948b12053a66d2f6c3f30a2"}
{"path":"/hasLogin","req":{"tokencode":""},"logId":"7556a4b89fcc6ab9c96fabb070c74425"}
{"path":"/login","req":{"email":"1418145349@qq.com","pwd":"du42DU!"},"logId":"e480a87930b6893af677d6600199dcdf"}
{"path":"/login","req":{"email":"1418145349@qq.com","pwd":"du42DU!"},"logId":"6a579072634d0a7aa9393d6c1ba2b3b3"}
{"path":"/article","req":{"tokencode":"c6ce2eb7f60f91258cd13aa26d475378"},"logId":"bbaf9a00a9534a9308b10ccf563c5068"}
{"path":"/login","req":{"email":"1418145349@qq.com","pwd":"du42DU!"},"logId":"b6b1baa88aa0a792b7bef070458b7cdb"}
{"path":"/article","req":{"tokencode":"34609f86966a177f1d2ae421d17c58a2"},"logId":"e626f9c346a3cf33f8163babbd14cc9d"}
{"path":"/login","req":{"email":"1418145349@qq.com","pwd":"du42DU!"},"logId":"1df9373f35bd357c7317921cc19151a2"}
{"path":"/article","req":{"tokencode":"68542b28f82ce557c0f602b1d8e6a97b"},"logId":"f909c4aed0fc526c915c3ba9640e000b"}
{"path":"/hasLogin","req":{"tokencode":""},"logId":"fa1e86a651060f6782daeb76dc911f53"}
{"path":"/login","req":{"email":"1418145349@qq.com","pwd":"du42DU!"},"logId":"86aab6645f4d7c6fd5dbab3a65ab91fd"}
{"path":"/article","req":{"tokencode":"435e0afc82867cc052adbb00bfc49cb3"},"logId":"338f66bd9cc23384cc198ab273b66237"}
{"path":"/login","req":{"email":"1418145349@qq.com","pwd":"du42DU!"},"logId":"2b80ba3782cfbd8f3daaa2c19e39d394"}
{"path":"/article","req":{"tokencode":"cc2282dd38fc510015f422f4f872d145"},"logId":"a4502bac207702b97a02615e1e6da3e3"}
{"path":"/login","req":{"email":"42323124@qq.com","pwd":"du42DU!"},"logId":"a69e71af643b640b8b88de42d7e8fdfe"}
{"path":"/article","req":{"tokencode":"51818f1409f04f097c2e3b86d25a2ce0"},"logId":"c93979acaa83390993e001b6d7cdd21c"}
{"path":"/login","req":{"email":"2132235@qq.com","pwd":"du42DU!"},"logId":"626441e792432a22d95a75cae0af5801"}
{"path":"/article","req":{"tokencode":"6a6e9754995e6651852d52467b1b58ac"},"logId":"2276da4c35533bbe76ee111ea8d56806"}
{"path":"/login","req":{"email":"2132235@qq.com","pwd":"du42DU!"},"logId":"fb58e5121146ad103f7c09578f6f3183"}
{"path":"/article","req":{"tokencode":"a7f8b4ea27ed6392c1cc4cf60869e192"},"logId":"0e474fa0c9274d110d8aa4ed4244fbb1"}
{"path":"/login","req":{"email":"emojisdre@gmail.com","pwd":"du42DU!"},"logId":"a3d6ed9e53f4fac1a0287927106e26a2"}
{"path":"/article","req":{"tokencode":"a508aa3fff366167a9f1703e6cdd1800"},"logId":"c5468f7e233f1977d108391b0dc17a3d"}
{"path":"/getMsgList","req":{},"logId":"6c46a889a020acd404d314b141880641"}
{"path":"/getMsgList","req":{},"logId":"de1751bc8ae0312ea4ee39d44b61616b"}
{"path":"/getMsgList","req":{},"logId":"10c88544a900931a4091e080371c90dd"}
{"path":"/login","req":{"email":"1418145349@qq.com","pwd":"du42DU!"},"logId":"8bc371ac738b04e9ce3775a38c08b40e"}
{"path":"/article","req":{"tokencode":"35dbc53a143948c8e00d9457a30b9701"},"logId":"2d1fef74c87a12d380128b1228bed2d5"}
{"path":"/getMsgList","req":{},"logId":"19c658938ff7b6b49ed81bbb38d28e09"}
{"path":"/getMsgList","req":{},"logId":"24750ee78100771c3ff38e2ac2e51644"}
{"path":"/getMsgList","req":{},"logId":"8cebb829e8475b7d29ff9fa83cf27555"}
{"path":"/login","req":{"email":"1418145349@qq.com","pwd":"du42DU!"},"logId":"5d9f1f325f2733aa115c12d781446d86"}
{"path":"/article","req":{"tokencode":"67203cbed4dfdbf1e69df0057397d228"},"logId":"d62285bff1eae1a188e2803976881cd8"}
{"path":"/login","req":{"email":"1418145349@qq.com","pwd":"du42DU!"},"logId":"a4bc8bf17ff994fdcb4b853c975a604f"}
{"path":"/article","req":{"tokencode":"784f0d737e18633284c2563694de0a50"},"logId":"655405b8e85eecd5841c306c6b47724d"}
{"path":"/login","req":{"email":"1418145349@qq.com","pwd":"du42DU!"},"logId":"ef8c226e8eb85e1de2917b417fddf30f"}
{"path":"/article","req":{"tokencode":"e74c75f3775be20bcd617acbdfe36365"},"logId":"f5fbe412cf42ad63e0703ea120349185"}
{"path":"/login","req":{"email":"1418145349@qq.com","pwd":"du42DU!"},"logId":"478b13378a2ee2a673c4dcab5a7b72f8"}
{"path":"/article","req":{"tokencode":"52a5b34ace6f1d0922a382b96355f13f"},"logId":"8c6194c24eb22e42686de2885d2c3f7b"}
{"path":"/login","req":{"email":"1418145349@qq.com","pwd":"du42DU!"},"logId":"6108c751088e4ac597e54b4d50909365"}
{"path":"/article","req":{"tokencode":"ea29606dafd20c99a93663df753e2aac"},"logId":"8fe2fbd0bcd9b6ddefd82f926e2d1eb5"}
{"path":"/login","req":{"email":"1418145349@qq.com","pwd":"du42DU!"},"logId":"291d70effdae5fc7ee157551fe5e0098"}
{"path":"/article","req":{"tokencode":"3992a6cab5c52ba1439e10e2692b051e"},"logId":"b3f7ae466f68c9327d2f2dc237aad835"}
{"path":"/login","req":{"email":"1418145349@qq.com","pwd":"du42DU!"},"logId":"74ea6295ee8c78c74c3cef726b127dd4"}
{"path":"/article","req":{"tokencode":"b36747d014f695c005bc8ec11432181b"},"logId":"0e11244765fabedd7d90ed521242d49f"}
{"path":"/login","req":{"email":"1418145349@qq.com","pwd":"du42DU!"},"logId":"f1b2b40876acab5f49c9539a207c6655"}
{"path":"/article","req":{"tokencode":"eca7501d4d0f45fa102b8f5503c6971d"},"logId":"4dab2950a0fc0428273b2d024204cee6"}
{"path":"/login","req":{"email":"1418145349@qq.com","pwd":"du42DU!"},"logId":"b9fb82fd8fb3b6556d82638ca718925b"}
{"path":"/article","req":{"tokencode":"f3d1e04ddd3c3aecf97ced15d69c897d"},"logId":"80b34a94bad52bed5972443865098883"}
{"path":"/login","req":{"email":"1418145349@qq.com","pwd":"du42DU!"},"logId":"c80b138b74b40ff85824f403a8a23a18"}
{"path":"/article","req":{"tokencode":"37ef9d88f9d3bffcfa41058f0849e248"},"logId":"85a572327e9318dd981046e2c1088938"}
{"path":"/hasLogin","req":{"tokencode":"37ef9d88f9d3bffcfa41058f0849e248"},"logId":"91e8df8eadab66ee64ed2e09f3b89fe9"}
{"path":"/article","req":{"tokencode":"37ef9d88f9d3bffcfa41058f0849e248"},"logId":"8fa4d9c38382a96b1e39f66c29ee99b2"}
{"path":"/hasLogin","req":{"tokencode":"37ef9d88f9d3bffcfa41058f0849e248"},"logId":"f7c6900fbeae65824debd3001c331102"}
{"path":"/article","req":{"tokencode":"37ef9d88f9d3bffcfa41058f0849e248"},"logId":"1570016bdb77b8d58079548462e5be64"}
{"path":"/hasLogin","req":{"tokencode":"37ef9d88f9d3bffcfa41058f0849e248"},"logId":"ea399ce97c91ed95b1ab35beb72ae230"}
{"path":"/article","req":{"tokencode":"37ef9d88f9d3bffcfa41058f0849e248"},"logId":"806643e98686eff623752e1574812442"}
{"path":"/hasLogin","req":{"tokencode":"37ef9d88f9d3bffcfa41058f0849e248"},"logId":"938bbb55309633d74f969a7d5947b61c"}
{"path":"/article","req":{"tokencode":"37ef9d88f9d3bffcfa41058f0849e248"},"logId":"4a468ce753aaa5694537a34b03a96059"}
{"path":"/hasLogin","req":{"tokencode":"37ef9d88f9d3bffcfa41058f0849e248"},"logId":"7f31c9a4854a7f6bb2b54f039aedb3bb"}
{"path":"/login","req":{"email":"1418145349@qq.com","pwd":"du42DU!"},"logId":"6b10dcc39218c6c88f9509564c397cd9"}
{"path":"/article","req":{"tokencode":"c55cc2191de3c713e5a11a2ca02c83fa"},"logId":"0dfbb0a1eba8544b3051ac5313320069"}
{"path":"/hasLogin","req":{"tokencode":"c55cc2191de3c713e5a11a2ca02c83fa"},"logId":"60c8b9255dfa5de9c3809ef6f8019d75"}
{"path":"/article","req":{"tokencode":"c55cc2191de3c713e5a11a2ca02c83fa"},"logId":"c50839e82a346966274a597fa655f9e5"}
{"path":"/hasLogin","req":{"tokencode":"c55cc2191de3c713e5a11a2ca02c83fa"},"logId":"13778772f9dd9cf75c11f4806647e58b"}
{"path":"/article","req":{"tokencode":"c55cc2191de3c713e5a11a2ca02c83fa"},"logId":"1c027a2d9174450af413767b8c24e1ca"}
{"path":"/hasLogin","req":{"tokencode":"c55cc2191de3c713e5a11a2ca02c83fa"},"logId":"e8f1749cb1aecbc2fccac3c24dd2b176"}
{"path":"/article","req":{"tokencode":"c55cc2191de3c713e5a11a2ca02c83fa"},"logId":"4aa2905133187854da7688bb17607616"}
{"path":"/hasLogin","req":{"tokencode":"c55cc2191de3c713e5a11a2ca02c83fa"},"logId":"142d800347b7bc61964db7b95ee48375"}
{"path":"/article","req":{"tokencode":"c55cc2191de3c713e5a11a2ca02c83fa"},"logId":"d3f5f1f3533bb67b3b196f3d7e75d77e"}
{"path":"/hasLogin","req":{"tokencode":"c55cc2191de3c713e5a11a2ca02c83fa"},"logId":"2b5229ff3e9a2c108d1bec57f44e01b3"}
{"path":"/article","req":{"tokencode":"c55cc2191de3c713e5a11a2ca02c83fa"},"logId":"226384a44178456531868d50eec7a0ab"}
{"path":"/getMsgList","req":{"tokencode":"c55cc2191de3c713e5a11a2ca02c83fa"},"logId":"83a0afbcd78405fbfbb58294059c5f3c"}
{"path":"/getMsgList","req":{"tokencode":"c55cc2191de3c713e5a11a2ca02c83fa"},"logId":"a77de42405bb20baba1937ccd7845f70"}
{"path":"/getMsgList","req":{"tokencode":"c55cc2191de3c713e5a11a2ca02c83fa"},"logId":"d63d6585bb5961c3d46817ad2b313d71"}
{"path":"/getMsgList","req":{"tokencode":"c55cc2191de3c713e5a11a2ca02c83fa"},"logId":"dc6d428b0219a33555ab82a1437cde4c"}
{"path":"/getMsgList","req":{"tokencode":"c55cc2191de3c713e5a11a2ca02c83fa"},"logId":"f79ce06ee46fab717708e4054820abcc"}
{"path":"/getMsgList","req":{"tokencode":"c55cc2191de3c713e5a11a2ca02c83fa"},"logId":"b64582d999129d0e8611c53643d715f4"}
{"path":"/getMsgList","req":{"tokencode":"c55cc2191de3c713e5a11a2ca02c83fa"},"logId":"b64582d999129d0e8611c53643d715f4"}
{"path":"/hasLogin","req":{"tokencode":"c55cc2191de3c713e5a11a2ca02c83fa"},"logId":"061b733cfec47deb1858a5c5647ddf39"}
{"path":"/login","req":{"email":"1418145349@qq.com","pwd":"du42DU!"},"logId":"14f38f70a8ec30941dcc4ee06f013cbf"}
{"path":"/article","req":{"tokencode":"203d1db9c3d2f29533047f1f99691823"},"logId":"3d2c787c8c4cf7086a89c8177d92bf0b"}
{"path":"/getMsgList","req":{"tokencode":"203d1db9c3d2f29533047f1f99691823"},"logId":"ccb168d0c5f04de3c868ec7d240bd656"}
{"path":"/getMsgList","req":{"tokencode":"203d1db9c3d2f29533047f1f99691823"},"logId":"ccb168d0c5f04de3c868ec7d240bd656"}
{"path":"/getMsgList","req":{"tokencode":"203d1db9c3d2f29533047f1f99691823"},"logId":"9d92e476029c38029e395b30a24f0c8e"}
{"path":"/getMsgList","req":{"tokencode":"203d1db9c3d2f29533047f1f99691823"},"logId":"bb7e28da9770be837d06907c4b116d42"}
{"path":"/getMsgList","req":{"tokencode":"203d1db9c3d2f29533047f1f99691823"},"logId":"d047a682767bad41977f34c38d450664"}
{"path":"/getMsgList","req":{"tokencode":"203d1db9c3d2f29533047f1f99691823"},"logId":"d047a682767bad41977f34c38d450664"}
{"path":"/hasLogin","req":{"tokencode":"203d1db9c3d2f29533047f1f99691823"},"logId":"2259d73c0c1f2200cf0e93665bd58a91"}
{"path":"/login","req":{"email":"1418145349@qq.com","pwd":"du42DU!"},"logId":"0c08acb71a09be1a73b0a9cf01dd0492"}
{"path":"/article","req":{"tokencode":"dbaade089a7148c972d15723880e781b"},"logId":"ad2430e742c914d4e828ddcc47d61c06"}
{"path":"/getMsgList","req":{"tokencode":"dbaade089a7148c972d15723880e781b"},"logId":"042aed9364f98cdbbf3a35c27faf5077"}
{"path":"/getMsgList","req":{"tokencode":"dbaade089a7148c972d15723880e781b"},"logId":"2faa2476a0dea0108228f44e6749bb81"}
{"path":"/hasLogin","req":{"tokencode":"dbaade089a7148c972d15723880e781b"},"logId":"c7964cc47a93e71a1b4f2275d4dd94e2"}
{"path":"/article","req":{"tokencode":"dbaade089a7148c972d15723880e781b"},"logId":"fd485700c672d6d136c5a2c035c20c1f"}
{"path":"/hasLogin","req":{"tokencode":"dbaade089a7148c972d15723880e781b"},"logId":"9bbdb7035695ded029ed06bd00c12a01"}
{"path":"/article","req":{"tokencode":"dbaade089a7148c972d15723880e781b"},"logId":"c4d226a79eb1ce17740b3c7b30cb2c06"}
{"path":"/hasLogin","req":{"tokencode":"dbaade089a7148c972d15723880e781b"},"logId":"6cb277cc4abbc9107e07fe293973d804"}
{"path":"/article","req":{"tokencode":"dbaade089a7148c972d15723880e781b"},"logId":"fbad014fcd02c0618f108dc37bedda3c"}
{"path":"/hasLogin","req":{"tokencode":"dbaade089a7148c972d15723880e781b"},"logId":"300e06ec4a3694377f8cc66f9e30de2b"}
{"path":"/article","req":{"tokencode":"dbaade089a7148c972d15723880e781b"},"logId":"1994f15a51e533cc3f809d8a162c2d5c"}
{"path":"/getMsgList","req":{"tokencode":"dbaade089a7148c972d15723880e781b"},"logId":"3fa8d4d2fe69397704fa5678057af904"}
{"path":"/getMsgList","req":{"tokencode":"dbaade089a7148c972d15723880e781b"},"logId":"3fa8d4d2fe69397704fa5678057af904"}
{"path":"/hasLogin","req":{"tokencode":"dbaade089a7148c972d15723880e781b"},"logId":"d4f3bfb36d6203a1b1fac8059c81bf63"}
{"path":"/article","req":{"tokencode":"dbaade089a7148c972d15723880e781b"},"logId":"4fd78d68e895c07aefcc7b70481603f1"}
{"path":"/hasLogin","req":{"tokencode":"dbaade089a7148c972d15723880e781b"},"logId":"3c2c168c61780b574f0a690719b9fdf4"}
{"path":"/article","req":{"tokencode":"dbaade089a7148c972d15723880e781b"},"logId":"da07165f88ea2e70062c41e5a60a0b8d"}
{"path":"/hasLogin","req":{"tokencode":"dbaade089a7148c972d15723880e781b"},"logId":"e7c672707d2b5fd5453e80e879b002e1"}
{"path":"/article","req":{"tokencode":"dbaade089a7148c972d15723880e781b"},"logId":"90772691214c95276096e5d7d95d39d3"}
{"path":"/hasLogin","req":{"tokencode":"dbaade089a7148c972d15723880e781b"},"logId":"e4a833a788cb6ce4fc9cf0d922cb8200"}
{"path":"/article","req":{"tokencode":"dbaade089a7148c972d15723880e781b"},"logId":"cbd6920955592cd96c802fe8adc59cc2"}
{"path":"/hasLogin","req":{"tokencode":"dbaade089a7148c972d15723880e781b"},"logId":"52b843517e649d794f73a046877f0bb3"}
{"path":"/article","req":{"tokencode":"dbaade089a7148c972d15723880e781b"},"logId":"e50aa8661c50b9ebd815b81943f8fa9f"}
{"path":"/hasLogin","req":{"tokencode":"dbaade089a7148c972d15723880e781b"},"logId":"26824f231b5814dcf17f2c5c1d81470c"}
{"path":"/article","req":{"tokencode":"dbaade089a7148c972d15723880e781b"},"logId":"7e42ab26e1fb544decb422b9bdaa7f0d"}
{"path":"/getMsgList","req":{"tokencode":"dbaade089a7148c972d15723880e781b"},"logId":"f2d3451cc2441eb92832097c78bd1da6"}
{"path":"/getMsgList","req":{"tokencode":"dbaade089a7148c972d15723880e781b"},"logId":"f2d3451cc2441eb92832097c78bd1da6"}
{"path":"/hasLogin","req":{"tokencode":"dbaade089a7148c972d15723880e781b"},"logId":"076e7e81d9daebef246c55facd5a6603"}
{"path":"/article","req":{"tokencode":"dbaade089a7148c972d15723880e781b"},"logId":"cf4e1c0aecc0a67f4246e51f617d17c1"}
{"path":"/getMsgList","req":{"tokencode":"dbaade089a7148c972d15723880e781b"},"logId":"b2c587452b1a0b7cecc90a80268b06fb"}
{"path":"/getMsgList","req":{"tokencode":"dbaade089a7148c972d15723880e781b"},"logId":"489be657e1e55c97e98af768db3844ff"}
{"path":"/hasLogin","req":{"tokencode":"dbaade089a7148c972d15723880e781b"},"logId":"aabf5d57b11f7a308321ed17b3c7424b"}
{"path":"/login","req":{"email":"1418145349@qq.com","pwd":"du42DU!"},"logId":"4296347e093fab2c7557e209da7c0c7b"}
{"path":"/article","req":{"tokencode":"2536401db725e900e2e650cea5db9147"},"logId":"7f8650885f3229464a4fc86d075b99f4"}
{"path":"/getMsgList","req":{"tokencode":"2536401db725e900e2e650cea5db9147"},"logId":"9ec187b55d9e3d85c3a1d2189daa28fb"}
{"path":"/getMsgList","req":{"tokencode":"2536401db725e900e2e650cea5db9147"},"logId":"9ec187b55d9e3d85c3a1d2189daa28fb"}
{"path":"/hasLogin","req":{"tokencode":"2536401db725e900e2e650cea5db9147"},"logId":"f85e74d2822eb01b730b32a352a88b05"}
{"path":"/login","req":{"email":"1418145349@qq.com","pwd":"du42DU!"},"logId":"4e9ed40c944061be44379f0e1001ea9b"}
{"path":"/article","req":{"tokencode":"b1629ed7d695c6b476f28efb22af912c"},"logId":"eb9337daa4ab0618aea6c2376c4af4cd"}
{"path":"/getMsgList","req":{"tokencode":"b1629ed7d695c6b476f28efb22af912c"},"logId":"3fe7cea96918eebb2d2b00e25b2c62b0"}
{"path":"/getMsgList","req":{"tokencode":"b1629ed7d695c6b476f28efb22af912c"},"logId":"3fe7cea96918eebb2d2b00e25b2c62b0"}
{"path":"/hasLogin","req":{"tokencode":"b1629ed7d695c6b476f28efb22af912c"},"logId":"fc8a96dd0edf7455a190894abd248e65"}
{"path":"/getMsgList","req":{"tokencode":"b1629ed7d695c6b476f28efb22af912c"},"logId":"1d9f73ecf808734bb3b2e6d6889869ee"}
{"path":"/getMsgList","req":{"tokencode":"b1629ed7d695c6b476f28efb22af912c"},"logId":"bca342def1776b40461fb0970dfcde62"}
{"path":"/getMsgList","req":{"tokencode":"b1629ed7d695c6b476f28efb22af912c"},"logId":"83eb681243fa6cbaa1fb23ff21299692"}
{"path":"/getMsgList","req":{"tokencode":"b1629ed7d695c6b476f28efb22af912c"},"logId":"83eb681243fa6cbaa1fb23ff21299692"}
{"path":"/hasLogin","req":{"tokencode":"b1629ed7d695c6b476f28efb22af912c"},"logId":"b3b100a804f09646542558603f3d06a2"}
{"path":"/login","req":{"email":"1418145349@qq.com","pwd":"du42DU!"},"logId":"a0d37b96cf892b88747ba751b2dcc15f"}
{"path":"/article","req":{"tokencode":"01ee475fe0c928abb35d821af1eb55dc"},"logId":"f3486d837531aadef1ca3e572c27c4dd"}
{"path":"/getMsgList","req":{"tokencode":"01ee475fe0c928abb35d821af1eb55dc"},"logId":"00a5d98c2153bee359b33e244cb68278"}
{"path":"/getMsgList","req":{"tokencode":"01ee475fe0c928abb35d821af1eb55dc"},"logId":"00a5d98c2153bee359b33e244cb68278"}
{"path":"/hasLogin","req":{"tokencode":"01ee475fe0c928abb35d821af1eb55dc"},"logId":"506277c71e136f6d34435ed049eae501"}
{"path":"/login","req":{"email":"1418145349@qq.com","pwd":"du42DU!"},"logId":"6057a0c48dd3636a039ce0ed5abd9ba6"}
{"path":"/article","req":{"tokencode":"28b0116e5b2fa15370c62d037339ddc0"},"logId":"eb0bb31a0aeb166ff23b6cff90493286"}
{"path":"/getMsgList","req":{"tokencode":"28b0116e5b2fa15370c62d037339ddc0"},"logId":"d6492e85b7bcd7f2b19be31d6214ca08"}
{"path":"/getMsgList","req":{"tokencode":"28b0116e5b2fa15370c62d037339ddc0"},"logId":"d6492e85b7bcd7f2b19be31d6214ca08"}
{"path":"/getMsgList","req":{"tokencode":"28b0116e5b2fa15370c62d037339ddc0"},"logId":"0ee33ec5d2fd871b7c07f3297c64d4d3"}
{"path":"/getMsgList","req":{"tokencode":"28b0116e5b2fa15370c62d037339ddc0"},"logId":"66f0d9a2723e4e8754f34b80c0128c01"}
{"path":"/hasLogin","req":{"tokencode":"28b0116e5b2fa15370c62d037339ddc0"},"logId":"43dc7d59bdda11f727aa678cce457ad9"}
{"path":"/login","req":{"email":"1418145349@qq.com","pwd":"du42DU!"},"logId":"64e071f8710021893fe2b53fe2264062"}
{"path":"/article","req":{"tokencode":"ac6d8da360b02c3e42551b34be47d7a0"},"logId":"2eddf79abdc1c58797980965d5e7f2a4"}
{"path":"/getMsgList","req":{"tokencode":"ac6d8da360b02c3e42551b34be47d7a0"},"logId":"56d42d1c00bf0b6c090bc0c1a05ea60f"}
{"path":"/getMsgList","req":{"tokencode":"ac6d8da360b02c3e42551b34be47d7a0"},"logId":"56d42d1c00bf0b6c090bc0c1a05ea60f"}
{"path":"/hasLogin","req":{"tokencode":"ac6d8da360b02c3e42551b34be47d7a0"},"logId":"f9731d0e43c34205087803d2519be476"}
{"path":"/login","req":{"email":"1418145349@qq.com","pwd":"du42DU!"},"logId":"cb0678a7ce57193a8f827530263854b0"}
{"path":"/article","req":{"tokencode":"8fa6aecc73790315056a08d93ff1eeec"},"logId":"52fa35a013c85732fcddb1c385105dca"}
{"path":"/getMsgList","req":{"tokencode":"8fa6aecc73790315056a08d93ff1eeec"},"logId":"f3a6f99a471116ee88b948f16b1a8eae"}
{"path":"/getMsgList","req":{"tokencode":"8fa6aecc73790315056a08d93ff1eeec"},"logId":"f3a6f99a471116ee88b948f16b1a8eae"}
{"path":"/hasLogin","req":{"tokencode":"8fa6aecc73790315056a08d93ff1eeec"},"logId":"d9c663f9a13a950168a221416a540bad"}
{"path":"/login","req":{"email":"1418145349@qq.com","pwd":"du42DU!"},"logId":"5326203d195c8d051cab27599c2de055"}
{"path":"/article","req":{"tokencode":"3722a8c71dc8597847a9160ebf3c7240"},"logId":"bc28d197a245aa4ceb46f3ade2e755db"}
{"path":"/getMsgList","req":{"tokencode":"3722a8c71dc8597847a9160ebf3c7240"},"logId":"d648490b64b642dd47cd461f990a8278"}
{"path":"/getMsgList","req":{"tokencode":"3722a8c71dc8597847a9160ebf3c7240"},"logId":"d648490b64b642dd47cd461f990a8278"}
{"path":"/hasLogin","req":{"tokencode":"3722a8c71dc8597847a9160ebf3c7240"},"logId":"71fd0210c4293b26b747ba06149e7c87"}
{"path":"/login","req":{"email":"1418145349@qq.com","pwd":"du42DU!"},"logId":"dcf6f302a8a4919f8f01b7595bd95758"}
{"path":"/article","req":{"tokencode":"25c61e542c949acb499007b7e402adb4"},"logId":"e8fd268cefe55538795ccf1aa7c1fc5d"}
{"path":"/getMsgList","req":{"tokencode":"25c61e542c949acb499007b7e402adb4"},"logId":"99613da9b576f1bf7af73ac9ad11fcbe"}
{"path":"/getMsgList","req":{"tokencode":"25c61e542c949acb499007b7e402adb4"},"logId":"99613da9b576f1bf7af73ac9ad11fcbe"}
{"path":"/hasLogin","req":{"tokencode":"25c61e542c949acb499007b7e402adb4"},"logId":"ec4414b7c68d4c68dc970aab6ce2d492"}
{"path":"/login","req":{"email":"1418145349@qq.com","pwd":"du42DU!"},"logId":"1ba3f259b8bbe762d8a1351a161ece1b"}
{"path":"/article","req":{"tokencode":"6c751ee6ef7686a332a2c384b62341c9"},"logId":"131510935f65a8a2a67b3232382e0bdb"}
{"path":"/getMsgList","req":{"tokencode":"6c751ee6ef7686a332a2c384b62341c9"},"logId":"3b3cecb90e17dd6d731ebf5ecd7988ed"}
{"path":"/getMsgList","req":{"tokencode":"6c751ee6ef7686a332a2c384b62341c9"},"logId":"3b3cecb90e17dd6d731ebf5ecd7988ed"}
{"path":"/hasLogin","req":{"tokencode":"6c751ee6ef7686a332a2c384b62341c9"},"logId":"29ee174a2ffef8456835e651fbf20395"}
{"path":"/login","req":{"email":"1418145349@qq.com","pwd":"du42DU!"},"logId":"8aa69c3a4feefae69f146c4a3b6ef529"}
{"path":"/article","req":{"tokencode":"de74b78fc982eda6ebffa82bd734d169"},"logId":"dfbd687e524b4a533d1ec1dc1879d43a"}
{"path":"/getMsgList","req":{"tokencode":"de74b78fc982eda6ebffa82bd734d169"},"logId":"80557fa6a651c0c1be5166289d58b722"}
{"path":"/getMsgList","req":{"tokencode":"de74b78fc982eda6ebffa82bd734d169"},"logId":"80557fa6a651c0c1be5166289d58b722"}
{"path":"/hasLogin","req":{"tokencode":"de74b78fc982eda6ebffa82bd734d169"},"logId":"259416ce750b71b6572e5fb917a3ba3f"}
{"path":"/login","req":{"email":"1418145349@qq.com","pwd":"du42DU!"},"logId":"6d3ca02e079657ae43ed9d6d88928df7"}
{"path":"/article","req":{"tokencode":"64cdee449c3f3f4663a172b2bc0f6e41"},"logId":"b3819ad492987ca174c1e37679f649a1"}
{"path":"/getMsgList","req":{"tokencode":"64cdee449c3f3f4663a172b2bc0f6e41"},"logId":"986a0a9793db52676a79365ae79a5251"}
{"path":"/getMsgList","req":{"tokencode":"64cdee449c3f3f4663a172b2bc0f6e41"},"logId":"986a0a9793db52676a79365ae79a5251"}
{"path":"/hasLogin","req":{"tokencode":"64cdee449c3f3f4663a172b2bc0f6e41"},"logId":"c837cf75e216f9deca0de21277208770"}
{"path":"/login","req":{"email":"1418145349@qq.com","pwd":"du42DU!"},"logId":"859f30bc88d97266092a385d12dea409"}
{"path":"/article","req":{"tokencode":"67e0ef20c8a64bc2875c7504d1ead04f"},"logId":"221c2a0d5d68ec4f95bb46d168a4dddc"}
{"path":"/getMsgList","req":{"tokencode":"67e0ef20c8a64bc2875c7504d1ead04f"},"logId":"6e84eb6029ca434f23397677742e0160"}
{"path":"/getMsgList","req":{"tokencode":"67e0ef20c8a64bc2875c7504d1ead04f"},"logId":"c9779658322be4a35bde9456b39872ac"}
{"path":"/hasLogin","req":{"tokencode":"67e0ef20c8a64bc2875c7504d1ead04f"},"logId":"7adf976601e1706d8c318f8d3f6303d2"}
{"path":"/login","req":{"email":"1418145349@qq.com","pwd":"du42DU!"},"logId":"795b1dae8bb9bd2d3f58f841d8f7dbe9"}
{"path":"/getMsgList","req":{"tokencode":"67e0ef20c8a64bc2875c7504d1ead04f"},"logId":"795b1dae8bb9bd2d3f58f841d8f7dbe9"}
{"path":"/getMsgList","req":{"tokencode":"67e0ef20c8a64bc2875c7504d1ead04f"},"logId":"795b1dae8bb9bd2d3f58f841d8f7dbe9"}
{"path":"/hasLogin","req":{"tokencode":"67e0ef20c8a64bc2875c7504d1ead04f"},"logId":"795b1dae8bb9bd2d3f58f841d8f7dbe9"}
{"path":"/login","req":{"email":"1418145349@qq.com","pwd":"du42DU!"},"logId":"795b1dae8bb9bd2d3f58f841d8f7dbe9"}
{"path":"/article","req":{"tokencode":"67e0ef20c8a64bc2875c7504d1ead04f"},"logId":"dc33f7d24f44272646b1943a91318ae9"}
{"path":"/article","req":{"tokencode":"ce21c1596770f1aa95a748d6cd7754b3"},"logId":"7493f58fa4a21c16de2289e7a87c3ead"}
{"path":"/getMsgList","req":{"tokencode":"ce21c1596770f1aa95a748d6cd7754b3"},"logId":"c3eaf25003d459bf9d5c67297374fded"}
{"path":"/getMsgList","req":{"tokencode":"ce21c1596770f1aa95a748d6cd7754b3"},"logId":"c3eaf25003d459bf9d5c67297374fded"}
{"path":"/hasLogin","req":{"tokencode":"ce21c1596770f1aa95a748d6cd7754b3"},"logId":"65e203d854e510a29d5f1972c9a08464"}
{"path":"/getMsgList","req":{"tokencode":"ce21c1596770f1aa95a748d6cd7754b3"},"logId":"6b112fc45470b238d746ace4ec684e32"}
{"path":"/getMsgList","req":{"tokencode":"ce21c1596770f1aa95a748d6cd7754b3"},"logId":"6c993ebd82304ee70b966a401bf3b3da"}
{"path":"/hasLogin","req":{"tokencode":"ce21c1596770f1aa95a748d6cd7754b3"},"logId":"49dac4b6b2f97e35e7abddd88afd4115"}
{"path":"/login","req":{"email":"1418145349@qq.com","pwd":"du42DU!"},"logId":"16174950af7a0380b0d1773e038fee1b"}
{"path":"/article","req":{"tokencode":"47807b04edcd139875c64e821682999d"},"logId":"a50252af161ebc11f6edfa80a3c1ad15"}
{"path":"/getMsgList","req":{"tokencode":"47807b04edcd139875c64e821682999d"},"logId":"a490f4ea3d4f142ec87e85ce802a9288"}
{"path":"/getMsgList","req":{"tokencode":"47807b04edcd139875c64e821682999d"},"logId":"a490f4ea3d4f142ec87e85ce802a9288"}
{"path":"/hasLogin","req":{"tokencode":"47807b04edcd139875c64e821682999d"},"logId":"c8989f0923dd40de6d271b069dd79db6"}
{"path":"/login","req":{"email":"1418145349@qq.com","pwd":"du42DU!"},"logId":"38ff4ce63dfecb38dc983e0fdb80dd47"}
{"path":"/article","req":{"tokencode":"81e9d67db27d05bb1c1a971a2a832e71"},"logId":"a7759bfe764e03b7a75b64c4d726c45c"}
{"path":"/getMsgList","req":{"tokencode":"81e9d67db27d05bb1c1a971a2a832e71"},"logId":"3e20bcda8dff816dd5b2cd9cb90290e1"}
{"path":"/getMsgList","req":{"tokencode":"81e9d67db27d05bb1c1a971a2a832e71"},"logId":"5df5f4832050d69856a5b7dc18168f20"}
{"path":"/hasLogin","req":{"tokencode":"81e9d67db27d05bb1c1a971a2a832e71"},"logId":"de31ed99611d49aa73cf55367a5d4886"}
{"path":"/login","req":{"email":"1418145349@qq.com","pwd":"du42DU!"},"logId":"d2c7c5e2a48559f0d9c019f661e80ea9"}
{"path":"/article","req":{"tokencode":"7573f8311f74bca40b15aefc7f8f9cd4"},"logId":"b42aa09f79959a05aea760fbbd324e4c"}
{"path":"/getMsgList","req":{"tokencode":"7573f8311f74bca40b15aefc7f8f9cd4"},"logId":"12a88af548c07e6ac0ef700636098b5f"}
{"path":"/getMsgList","req":{"tokencode":"7573f8311f74bca40b15aefc7f8f9cd4"},"logId":"12a88af548c07e6ac0ef700636098b5f"}
{"path":"/hasLogin","req":{"tokencode":"7573f8311f74bca40b15aefc7f8f9cd4"},"logId":"dd002a71af0d4507cc5b2b670bc299f7"}
{"path":"/login","req":{"email":"1418145349@qq.com","pwd":"du42DU!"},"logId":"b8c7f5a2b7f4c55616f94f0234490df9"}
{"path":"/article","req":{"tokencode":"4a6c3514520602aa664802bac1bea6a6"},"logId":"075429108f93362312a38b9a4047ee91"}
{"path":"/getMsgList","req":{"tokencode":"4a6c3514520602aa664802bac1bea6a6"},"logId":"634f946203816ca8a700abde64123a21"}
{"path":"/getMsgList","req":{"tokencode":"4a6c3514520602aa664802bac1bea6a6"},"logId":"f588061f07c0d35eeaa7fdea3778df82"}
{"path":"/hasLogin","req":{"tokencode":"4a6c3514520602aa664802bac1bea6a6"},"logId":"8e2fb5cbd5c7736134c79fffcafe10a9"}
{"path":"/login","req":{"email":"1418145349@qq.com","pwd":"du42DU!"},"logId":"b0ab49950d87a418279457dc87605963"}
{"path":"/article","req":{"tokencode":"d7f7c90520734501287878679574f632"},"logId":"6316df46cea65ee124633a384ec3dbe0"}
{"path":"/getMsgList","req":{"tokencode":"d7f7c90520734501287878679574f632"},"logId":"d26b3977f7644b2b5a5e931fb923dd05"}
{"path":"/getMsgList","req":{"tokencode":"d7f7c90520734501287878679574f632"},"logId":"d26b3977f7644b2b5a5e931fb923dd05"}
{"path":"/hasLogin","req":{"tokencode":"d7f7c90520734501287878679574f632"},"logId":"8de5289336d9d7a7377500da7aae9900"}
{"path":"/login","req":{"email":"1418145349@qq.com","pwd":"du42DU!"},"logId":"82ac1805f23292ea2fdbc7b3180f8361"}
{"path":"/article","req":{"tokencode":"c873d4870703f620d2a48f4eaed51752"},"logId":"ef62b9da7fa1d5baaed70e63e0fe5d20"}
{"path":"/getMsgList","req":{"tokencode":"c873d4870703f620d2a48f4eaed51752"},"logId":"7331366c579925695083ad21cbfe322e"}
{"path":"/getMsgList","req":{"tokencode":"c873d4870703f620d2a48f4eaed51752"},"logId":"7331366c579925695083ad21cbfe322e"}
{"path":"/hasLogin","req":{"tokencode":"c873d4870703f620d2a48f4eaed51752"},"logId":"13c803fa5384d605a9c2949c4cbc3341"}
{"path":"/login","req":{"email":"1418145349@qq.com","pwd":"du42DU!"},"logId":"618c25a1abb7fbaac4ddccc343e25001"}
{"path":"/article","req":{"tokencode":"2132c778c552dbf1feeb3d7dbbfd9df3"},"logId":"25de0ad70c40a4a0906d0bda99fa0990"}
{"path":"/getMsgList","req":{"tokencode":"2132c778c552dbf1feeb3d7dbbfd9df3"},"logId":"92416d8c7d0848a312dc02838796801d"}
{"path":"/getMsgList","req":{"tokencode":"2132c778c552dbf1feeb3d7dbbfd9df3"},"logId":"92416d8c7d0848a312dc02838796801d"}
{"path":"/hasLogin","req":{"tokencode":"2132c778c552dbf1feeb3d7dbbfd9df3"},"logId":"6a936671e60a0012e109dd9031d4f56e"}
{"path":"/login","req":{"email":"1418145349@qq.com","pwd":"du42DU!"},"logId":"5efd53ec3fcc226bc350b28551839d94"}
{"path":"/article","req":{"tokencode":"080f70504b3cdedba912c2c3a3945d70"},"logId":"b4fc39da4b946969358e139e867b4ebe"}
{"path":"/getMsgList","req":{"tokencode":"080f70504b3cdedba912c2c3a3945d70"},"logId":"77af35f85574e3e164363cfabb9f1bdf"}
{"path":"/getMsgList","req":{"tokencode":"080f70504b3cdedba912c2c3a3945d70"},"logId":"77af35f85574e3e164363cfabb9f1bdf"}
{"path":"/hasLogin","req":{"tokencode":"080f70504b3cdedba912c2c3a3945d70"},"logId":"ab573a34f983e7a2c14017421be449a8"}
{"path":"/login","req":{"email":"1418145349@qq.com","pwd":"du42DU!"},"logId":"a70dc1458ff38616ebd4a7c0339b8ded"}
{"path":"/article","req":{"tokencode":"09b8e517fbe89c2019baa5b113e175b7"},"logId":"a75a01fbcfb7e9087c75ebe17e674411"}
{"path":"/getMsgList","req":{"tokencode":"09b8e517fbe89c2019baa5b113e175b7"},"logId":"ddc556a90bded98e9f105a23f00f4601"}
{"path":"/getMsgList","req":{"tokencode":"09b8e517fbe89c2019baa5b113e175b7"},"logId":"ddc556a90bded98e9f105a23f00f4601"}
{"path":"/hasLogin","req":{"tokencode":"09b8e517fbe89c2019baa5b113e175b7"},"logId":"7538a272f2e5c4d8b964d9c0c44f5a08"}
{"path":"/login","req":{"email":"1418145349@qq.com","pwd":"du42DU!"},"logId":"ad685c5940fc36240fb35fa92b092309"}
{"path":"/article","req":{"tokencode":"b5f5c49a52b82d837daab15c75b89b61"},"logId":"e81f6525893303705eaedac23b4960e0"}
{"path":"/getMsgList","req":{"tokencode":"b5f5c49a52b82d837daab15c75b89b61"},"logId":"78ab570959de46c81a064b919fcd0d2b"}
{"path":"/getMsgList","req":{"tokencode":"b5f5c49a52b82d837daab15c75b89b61"},"logId":"78ab570959de46c81a064b919fcd0d2b"}
{"path":"/getMsgList","req":{"tokencode":"b5f5c49a52b82d837daab15c75b89b61"},"logId":"73ee30d021970c2378181c4b0693cb63"}
{"path":"/getMsgList","req":{"tokencode":"b5f5c49a52b82d837daab15c75b89b61"},"logId":"1871e191de1c6e050cd54dba40a3b7c1"}
{"path":"/hasLogin","req":{"tokencode":"b5f5c49a52b82d837daab15c75b89b61"},"logId":"f6b8d5ab15bf8783f013fa01da6a1deb"}
{"path":"/login","req":{"email":"1418145349@qq.com","pwd":"du42DU!"},"logId":"c68b0468cadfab3252caed83d2ec6f62"}
{"path":"/article","req":{"tokencode":"0f96746510d800403ccbe9ee41cdc78e"},"logId":"212d2367a2690fb328dd7a6893139ba2"}
{"path":"/getMsgList","req":{"tokencode":"0f96746510d800403ccbe9ee41cdc78e"},"logId":"4101195fb0cfe75a27577ee3e2bab1ac"}
{"path":"/getMsgList","req":{"tokencode":"0f96746510d800403ccbe9ee41cdc78e"},"logId":"4101195fb0cfe75a27577ee3e2bab1ac"}
{"path":"/hasLogin","req":{"tokencode":"0f96746510d800403ccbe9ee41cdc78e"},"logId":"bf2ca05e874f94d60d24c283a66ba276"}
{"path":"/login","req":{"email":"1418145349@qq.com","pwd":"du42DU!"},"logId":"4ee74830891392ad643f7b199d731ce0"}
{"path":"/article","req":{"tokencode":"5d888071f568e9b1fec168ce2cdbf1b5"},"logId":"e6cfed2a568443d9afb2f77b102318c4"}
{"path":"/getMsgList","req":{"tokencode":"5d888071f568e9b1fec168ce2cdbf1b5"},"logId":"39633f691a600f35e08897ea92089920"}
{"path":"/getMsgList","req":{"tokencode":"5d888071f568e9b1fec168ce2cdbf1b5"},"logId":"715583d5811b15d78cecc83f515999bd"}
{"path":"/hasLogin","req":{"tokencode":"5d888071f568e9b1fec168ce2cdbf1b5"},"logId":"6509a556ebee7a5f6e5fe16857d69154"}
{"path":"/login","req":{"email":"1418145349@qq.com","pwd":"du42DU!"},"logId":"d3d887c239a6d09d92537389bbcbd736"}
{"path":"/article","req":{"tokencode":"a0e7abdc043fb6221aac66006a0835c0"},"logId":"7d8bb27e0e69c1906480374f1a80b0fa"}
{"path":"/getMsgList","req":{"tokencode":"a0e7abdc043fb6221aac66006a0835c0"},"logId":"46c1484ab4233b75a4491a02b78b52d2"}
{"path":"/getMsgList","req":{"tokencode":"a0e7abdc043fb6221aac66006a0835c0"},"logId":"46c1484ab4233b75a4491a02b78b52d2"}
{"path":"/hasLogin","req":{"tokencode":"a0e7abdc043fb6221aac66006a0835c0"},"logId":"06088eb72050b9c6ecf5a9cc34a4a2ba"}
{"path":"/login","req":{"email":"1418145349@qq.com","pwd":"du42DU!"},"logId":"3b28b8ffabac2b465ff665ff1bf0e569"}
{"path":"/article","req":{"tokencode":"631d68cfc9ed5144074c267afe8ae2e8"},"logId":"cf4301513056587a8f84edf2b40bd0ae"}
{"path":"/getMsgList","req":{"tokencode":"631d68cfc9ed5144074c267afe8ae2e8"},"logId":"98d7bd55ce3302a63424dbf7d5c5ed36"}
{"path":"/getMsgList","req":{"tokencode":"631d68cfc9ed5144074c267afe8ae2e8"},"logId":"98d7bd55ce3302a63424dbf7d5c5ed36"}
{"path":"/hasLogin","req":{"tokencode":"631d68cfc9ed5144074c267afe8ae2e8"},"logId":"4245bf38039b73e88d23fde61d89022b"}
{"path":"/login","req":{"email":"1418145349@qq.com","pwd":"du42DU!"},"logId":"4893db0f10e3248c8a504443cd8c9874"}
{"path":"/article","req":{"tokencode":"3a7b08ed8d86650165daa3bb6c91d6df"},"logId":"d41d8e8ef1996598b5a577e9b80700a1"}
{"path":"/getMsgList","req":{"tokencode":"3a7b08ed8d86650165daa3bb6c91d6df"},"logId":"5c0503c1c89064e45baf5cf67b31f518"}
{"path":"/getMsgList","req":{"tokencode":"3a7b08ed8d86650165daa3bb6c91d6df"},"logId":"5c0503c1c89064e45baf5cf67b31f518"}
{"path":"/getMsgList","req":{"tokencode":"3a7b08ed8d86650165daa3bb6c91d6df"},"logId":"cfbbbf1f03282d67160d0ccc72744520"}
{"path":"/getMsgList","req":{"tokencode":"3a7b08ed8d86650165daa3bb6c91d6df"},"logId":"74f93eb3719325558e56626603cbec5d"}
{"path":"/hasLogin","req":{"tokencode":"3a7b08ed8d86650165daa3bb6c91d6df"},"logId":"1c36e3478868a0042c188894c947f3b2"}
{"path":"/login","req":{"email":"1418145349@qq.com","pwd":"du42DU!"},"logId":"67f27f5e15d2e098c4316f8c01a1249c"}
{"path":"/article","req":{"tokencode":"4d5004831b06a1b5681123541e0c2aae"},"logId":"b373fc46fc0db6f94487f6f0cea4ffbc"}
{"path":"/getMsgList","req":{"tokencode":"4d5004831b06a1b5681123541e0c2aae"},"logId":"c825af11a93c298cea1ffe8df7b812a1"}
{"path":"/getMsgList","req":{"tokencode":"4d5004831b06a1b5681123541e0c2aae"},"logId":"c825af11a93c298cea1ffe8df7b812a1"}
{"path":"/getMsgList","req":{"tokencode":"4d5004831b06a1b5681123541e0c2aae"},"logId":"d34831835649c985d4dce34a8af49c2a"}
{"path":"/getMsgList","req":{"tokencode":"4d5004831b06a1b5681123541e0c2aae"},"logId":"c7d30fb1a3bb71f08add7b8b2d578318"}
{"path":"/hasLogin","req":{"tokencode":"4d5004831b06a1b5681123541e0c2aae"},"logId":"ef97ed4e960e5aab197c267af6789ced"}
{"path":"/login","req":{"email":"1418145349@qq.com","pwd":"du42DU!"},"logId":"706247f1ae2351211366fff60f109cb9"}
{"path":"/article","req":{"tokencode":"36e4717b0a4ee78777756ba0facea5b5"},"logId":"817ee8690a89609e5396c688cfcfd1e4"}
{"path":"/getMsgList","req":{"tokencode":"36e4717b0a4ee78777756ba0facea5b5"},"logId":"74c345bd312be33a8cb237a8832e091f"}
{"path":"/getMsgList","req":{"tokencode":"36e4717b0a4ee78777756ba0facea5b5"},"logId":"74c345bd312be33a8cb237a8832e091f"}
{"path":"/hasLogin","req":{"tokencode":"36e4717b0a4ee78777756ba0facea5b5"},"logId":"1a66977c219dcadfbb0dc9a37b3d18f7"}
{"path":"/getMsgList","req":{"tokencode":"36e4717b0a4ee78777756ba0facea5b5"},"logId":"5631b3ffb1d762ee706f030044fa6df5"}
{"path":"/getMsgList","req":{"tokencode":"36e4717b0a4ee78777756ba0facea5b5"},"logId":"b71a4dc07a0e515df8a2d612abf3a0bc"}
{"path":"/hasLogin","req":{"tokencode":"36e4717b0a4ee78777756ba0facea5b5"},"logId":"90e68a005f306880d10a77fa4512d43b"}
{"path":"/login","req":{"email":"1418145349@qq.com","pwd":"du42DU!"},"logId":"664fd9554f3ee4971ad172884cb31cc9"}
{"path":"/article","req":{"tokencode":"322d9e18b9695e43e00ec358a00bc7e7"},"logId":"4dce3be645d0a9243042dc775962a7a7"}
{"path":"/getMsgList","req":{"tokencode":"322d9e18b9695e43e00ec358a00bc7e7"},"logId":"96304e9cf945cac4c67d721e2785ea63"}
{"path":"/getMsgList","req":{"tokencode":"322d9e18b9695e43e00ec358a00bc7e7"},"logId":"96304e9cf945cac4c67d721e2785ea63"}
{"path":"/hasLogin","req":{"tokencode":"322d9e18b9695e43e00ec358a00bc7e7"},"logId":"223876a7dda4fef19f158ecc7fd7e6b9"}
{"path":"/login","req":{"email":"1418145349@qq.com","pwd":"du42DU!"},"logId":"9359212078881809acf7c63abf3a39ba"}
{"path":"/article","req":{"tokencode":"25f3df6c02c11d8f4ce6ae9aa4dc19c5"},"logId":"a6d4e78ac851baf02443a7a2af1adabe"}
{"path":"/getMsgList","req":{"tokencode":"25f3df6c02c11d8f4ce6ae9aa4dc19c5"},"logId":"76a66d08df43ecb8176579f015f03c55"}
{"path":"/getMsgList","req":{"tokencode":"25f3df6c02c11d8f4ce6ae9aa4dc19c5"},"logId":"76a66d08df43ecb8176579f015f03c55"}
{"path":"/hasLogin","req":{"tokencode":"25f3df6c02c11d8f4ce6ae9aa4dc19c5"},"logId":"ab8a09a55e34366cf0dc9669f851d8df"}
{"path":"/login","req":{"email":"1418145349@qq.com","pwd":"du42DU!"},"logId":"d57c76ce3f3b391122cd0211dd7d6abd"}
{"path":"/article","req":{"tokencode":"cdfb8d5e8d2980365f583bf764c69b0c"},"logId":"62822b1bca67a91ba334aef63aa63693"}
{"path":"/getMsgList","req":{"tokencode":"cdfb8d5e8d2980365f583bf764c69b0c"},"logId":"03271936b1dd1c6eba351427f4e0b2da"}
{"path":"/getMsgList","req":{"tokencode":"cdfb8d5e8d2980365f583bf764c69b0c"},"logId":"03271936b1dd1c6eba351427f4e0b2da"}
{"path":"/hasLogin","req":{"tokencode":"cdfb8d5e8d2980365f583bf764c69b0c"},"logId":"bb5ba6fd1aecd3b3d3487ab361af2bdb"}
{"path":"/login","req":{"email":"1418145349@qq.com","pwd":"du42DU!"},"logId":"5c2cc96a9a16105b6211f8517865a9cd"}
{"path":"/article","req":{"tokencode":"d0240c7c144ea379b33c7b08777812b2"},"logId":"9602f86898a0e3b8eb840c3f926ec18c"}
{"path":"/getMsgList","req":{"tokencode":"d0240c7c144ea379b33c7b08777812b2"},"logId":"860d20ab0f8896c469b4f039197bac12"}
{"path":"/getMsgList","req":{"tokencode":"d0240c7c144ea379b33c7b08777812b2"},"logId":"1dbd173cfb09f8fb2972dbf59a73a89d"}
{"path":"/hasLogin","req":{"tokencode":"d0240c7c144ea379b33c7b08777812b2"},"logId":"1c53f6ae5b82b4103741b4fd0fc2dc1c"}
{"path":"/article","req":{"tokencode":"d0240c7c144ea379b33c7b08777812b2"},"logId":"780fab8c711fabece536ec1b0463e043"}
{"path":"/getMsgList","req":{"tokencode":"d0240c7c144ea379b33c7b08777812b2"},"logId":"5a4c6e0bfadcbb097cab9577302fd652"}
{"path":"/hasLogin","req":{"tokencode":"d0240c7c144ea379b33c7b08777812b2"},"logId":"3ad284f012f13f0478a6e1219e68b052"}
{"path":"/getMsgList","req":{"tokencode":"d0240c7c144ea379b33c7b08777812b2"},"logId":"5a4c6e0bfadcbb097cab9577302fd652"}
{"path":"/article","req":{"tokencode":"d0240c7c144ea379b33c7b08777812b2"},"logId":"86c50944495d23feb4b09295c1f3832f"}
{"path":"/getMsgList","req":{"tokencode":"d0240c7c144ea379b33c7b08777812b2"},"logId":"5b24c118d6e5da66c6c7839c86e1b49e"}
{"path":"/getMsgList","req":{"tokencode":"d0240c7c144ea379b33c7b08777812b2"},"logId":"467292433959f1b361f1918a9f4f8647"}
{"path":"/getMsgList","req":{"tokencode":"d0240c7c144ea379b33c7b08777812b2"},"logId":"ec504c539f315132cb294ffbe2572429"}
{"path":"/getMsgList","req":{"tokencode":"d0240c7c144ea379b33c7b08777812b2"},"logId":"ec504c539f315132cb294ffbe2572429"}
{"path":"/getMsgList","req":{"tokencode":"d0240c7c144ea379b33c7b08777812b2"},"logId":"fb070923918e3da37a8c590d2af9858a"}
{"path":"/getMsgList","req":{"tokencode":"d0240c7c144ea379b33c7b08777812b2"},"logId":"fb070923918e3da37a8c590d2af9858a"}
{"path":"/hasLogin","req":{"tokencode":"d0240c7c144ea379b33c7b08777812b2"},"logId":"5174ec3809b45e5974a586b9758c5b14"}
{"path":"/article","req":{"tokencode":"d0240c7c144ea379b33c7b08777812b2"},"logId":"c677ec3590f4eb628ba1915280455464"}
{"path":"/getMsgList","req":{"tokencode":"d0240c7c144ea379b33c7b08777812b2"},"logId":"a17972cfc6a3c1598b399cff5d7cb4e0"}
{"path":"/getMsgList","req":{"tokencode":"d0240c7c144ea379b33c7b08777812b2"},"logId":"a17972cfc6a3c1598b399cff5d7cb4e0"}
{"path":"/getMsgList","req":{"tokencode":"d0240c7c144ea379b33c7b08777812b2"},"logId":"05b334f5b6bed23e5d338443fc68b659"}
{"path":"/getMsgList","req":{"tokencode":"d0240c7c144ea379b33c7b08777812b2"},"logId":"05b334f5b6bed23e5d338443fc68b659"}
{"path":"/getMsgList","req":{"tokencode":"d0240c7c144ea379b33c7b08777812b2"},"logId":"c7c2eed921c209e8be3967c7c1bae61b"}
{"path":"/getMsgList","req":{"tokencode":"d0240c7c144ea379b33c7b08777812b2"},"logId":"c7c2eed921c209e8be3967c7c1bae61b"}
{"path":"/getMsgList","req":{"tokencode":"d0240c7c144ea379b33c7b08777812b2"},"logId":"9629b3aaa65e5c3e752f5ccfcc085606"}
{"path":"/getMsgList","req":{"tokencode":"d0240c7c144ea379b33c7b08777812b2"},"logId":"9629b3aaa65e5c3e752f5ccfcc085606"}
{"path":"/getMsgList","req":{"tokencode":"d0240c7c144ea379b33c7b08777812b2"},"logId":"7abf1735aa1dca9c7adea8b478a89fff"}
{"path":"/getMsgList","req":{"tokencode":"d0240c7c144ea379b33c7b08777812b2"},"logId":"7abf1735aa1dca9c7adea8b478a89fff"}
{"path":"/getMsgList","req":{"tokencode":"d0240c7c144ea379b33c7b08777812b2"},"logId":"120de92a0aa6419b88f7e9bad832e6bc"}
{"path":"/getMsgList","req":{"tokencode":"d0240c7c144ea379b33c7b08777812b2"},"logId":"120de92a0aa6419b88f7e9bad832e6bc"}
{"path":"/getMsgList","req":{"tokencode":"d0240c7c144ea379b33c7b08777812b2"},"logId":"114e14e7de1a2d74d9fcffb7d83e1282"}
{"path":"/getMsgList","req":{"tokencode":"d0240c7c144ea379b33c7b08777812b2"},"logId":"114e14e7de1a2d74d9fcffb7d83e1282"}
{"path":"/getMsgList","req":{"tokencode":"d0240c7c144ea379b33c7b08777812b2"},"logId":"c5a85e4cc4cc3eb1814859ff765c45ea"}
{"path":"/getMsgList","req":{"tokencode":"d0240c7c144ea379b33c7b08777812b2"},"logId":"c5a85e4cc4cc3eb1814859ff765c45ea"}
{"path":"/getMsgList","req":{"tokencode":"d0240c7c144ea379b33c7b08777812b2"},"logId":"57e287d58566f20d0d48a9d4f0e9d974"}
{"path":"/getMsgList","req":{"tokencode":"d0240c7c144ea379b33c7b08777812b2"},"logId":"57e287d58566f20d0d48a9d4f0e9d974"}
{"path":"/getMsgList","req":{"tokencode":"d0240c7c144ea379b33c7b08777812b2"},"logId":"47b288e5d5540ac8e18296ca19353c78"}
{"path":"/getMsgList","req":{"tokencode":"d0240c7c144ea379b33c7b08777812b2"},"logId":"47b288e5d5540ac8e18296ca19353c78"}
{"path":"/getMsgList","req":{"tokencode":"d0240c7c144ea379b33c7b08777812b2"},"logId":"06a6cf32f598ea4964b89f06e945383f"}
{"path":"/getMsgList","req":{"tokencode":"d0240c7c144ea379b33c7b08777812b2"},"logId":"06a6cf32f598ea4964b89f06e945383f"}
{"path":"/getMsgList","req":{"tokencode":"d0240c7c144ea379b33c7b08777812b2"},"logId":"f2f18574bd7615d1afd48963c4ed2389"}
{"path":"/getMsgList","req":{"tokencode":"d0240c7c144ea379b33c7b08777812b2"},"logId":"f2f18574bd7615d1afd48963c4ed2389"}
{"path":"/getMsgList","req":{"tokencode":"d0240c7c144ea379b33c7b08777812b2"},"logId":"d7a8854b59e2fc269b2a511202389edb"}
{"path":"/getMsgList","req":{"tokencode":"d0240c7c144ea379b33c7b08777812b2"},"logId":"d7a8854b59e2fc269b2a511202389edb"}
{"path":"/getMsgList","req":{"tokencode":"d0240c7c144ea379b33c7b08777812b2"},"logId":"90fa46c836436dacf5e086fe517a5b64"}
{"path":"/getMsgList","req":{"tokencode":"d0240c7c144ea379b33c7b08777812b2"},"logId":"90fa46c836436dacf5e086fe517a5b64"}
{"path":"/getMsgList","req":{"tokencode":"d0240c7c144ea379b33c7b08777812b2"},"logId":"6f1fa49c617379d8c3eb4787f4fde077"}
{"path":"/getMsgList","req":{"tokencode":"d0240c7c144ea379b33c7b08777812b2"},"logId":"6f1fa49c617379d8c3eb4787f4fde077"}
{"path":"/getMsgList","req":{"tokencode":"d0240c7c144ea379b33c7b08777812b2"},"logId":"bf5e3b1de8e3a53572e0f96f5a322898"}
{"path":"/getMsgList","req":{"tokencode":"d0240c7c144ea379b33c7b08777812b2"},"logId":"bf5e3b1de8e3a53572e0f96f5a322898"}
{"path":"/getMsgList","req":{"tokencode":"d0240c7c144ea379b33c7b08777812b2"},"logId":"1403c4204b398724e1b5be93e5a1a6ed"}
{"path":"/getMsgList","req":{"tokencode":"d0240c7c144ea379b33c7b08777812b2"},"logId":"1403c4204b398724e1b5be93e5a1a6ed"}
{"path":"/getMsgList","req":{"tokencode":"d0240c7c144ea379b33c7b08777812b2"},"logId":"e44c209b1af0a69a5366b45602366ab9"}
{"path":"/getMsgList","req":{"tokencode":"d0240c7c144ea379b33c7b08777812b2"},"logId":"f7d96135b3709b95d96169b9ad5e50b6"}
{"path":"/getMsgList","req":{"tokencode":"d0240c7c144ea379b33c7b08777812b2"},"logId":"dda1001a57073a76781af48b7fbc94fe"}
{"path":"/getMsgList","req":{"tokencode":"d0240c7c144ea379b33c7b08777812b2"},"logId":"dda1001a57073a76781af48b7fbc94fe"}
{"path":"/getMsgList","req":{"tokencode":"d0240c7c144ea379b33c7b08777812b2"},"logId":"2334a63be502b26404de3309e5718d67"}
{"path":"/getMsgList","req":{"tokencode":"d0240c7c144ea379b33c7b08777812b2"},"logId":"2334a63be502b26404de3309e5718d67"}
{"path":"/getMsgList","req":{"tokencode":"d0240c7c144ea379b33c7b08777812b2"},"logId":"0ba240966bb6849efc963021b7c9c3f7"}
{"path":"/getMsgList","req":{"tokencode":"d0240c7c144ea379b33c7b08777812b2"},"logId":"0ba240966bb6849efc963021b7c9c3f7"}
{"path":"/getMsgList","req":{"tokencode":"d0240c7c144ea379b33c7b08777812b2"},"logId":"dc399e65f638b787bc38be1b739b6988"}
{"path":"/getMsgList","req":{"tokencode":"d0240c7c144ea379b33c7b08777812b2"},"logId":"dc399e65f638b787bc38be1b739b6988"}
{"path":"/getMsgList","req":{"tokencode":"d0240c7c144ea379b33c7b08777812b2"},"logId":"59aab8a119a01cdb1d14820549bdff71"}
{"path":"/getMsgList","req":{"tokencode":"d0240c7c144ea379b33c7b08777812b2"},"logId":"59aab8a119a01cdb1d14820549bdff71"}
{"path":"/getMsgList","req":{"tokencode":"d0240c7c144ea379b33c7b08777812b2"},"logId":"470f4d84ba8521a3f44dad01d17215c5"}
{"path":"/getMsgList","req":{"tokencode":"d0240c7c144ea379b33c7b08777812b2"},"logId":"470f4d84ba8521a3f44dad01d17215c5"}
{"path":"/getMsgList","req":{"tokencode":"d0240c7c144ea379b33c7b08777812b2"},"logId":"30dd3da2b595dec60dbaabe8d6654aa0"}
{"path":"/getMsgList","req":{"tokencode":"d0240c7c144ea379b33c7b08777812b2"},"logId":"30dd3da2b595dec60dbaabe8d6654aa0"}
{"path":"/hasLogin","req":{"tokencode":"d0240c7c144ea379b33c7b08777812b2"},"logId":"a77f96ea704d908f58cc695de46b726a"}
{"path":"/article","req":{"tokencode":"d0240c7c144ea379b33c7b08777812b2"},"logId":"743e800e6c8235970c4094e1aac62aaf"}
{"path":"/getMsgList","req":{"tokencode":"d0240c7c144ea379b33c7b08777812b2"},"logId":"0bcc65c24dea6880eb440a8ad9d97263"}
{"path":"/getMsgList","req":{"tokencode":"d0240c7c144ea379b33c7b08777812b2"},"logId":"0bcc65c24dea6880eb440a8ad9d97263"}
{"path":"/getMsgList","req":{"tokencode":"d0240c7c144ea379b33c7b08777812b2"},"logId":"6c2a461657287836205734ad2cda4c21"}
{"path":"/getMsgList","req":{"tokencode":"d0240c7c144ea379b33c7b08777812b2"},"logId":"6c2a461657287836205734ad2cda4c21"}
{"path":"/getMsgList","req":{"tokencode":"d0240c7c144ea379b33c7b08777812b2"},"logId":"ce7f4742bb39dd365dbf8649a9150e3d"}
{"path":"/getMsgList","req":{"tokencode":"d0240c7c144ea379b33c7b08777812b2"},"logId":"ce7f4742bb39dd365dbf8649a9150e3d"}
{"path":"/getMsgList","req":{"tokencode":"d0240c7c144ea379b33c7b08777812b2"},"logId":"cdf9c936b77c720f4b327b40b2268639"}
{"path":"/getMsgList","req":{"tokencode":"d0240c7c144ea379b33c7b08777812b2"},"logId":"cdf9c936b77c720f4b327b40b2268639"}
{"path":"/getMsgList","req":{"tokencode":"d0240c7c144ea379b33c7b08777812b2"},"logId":"eb4290719ac8a4d5badbecbd7f5ff7aa"}
{"path":"/getMsgList","req":{"tokencode":"d0240c7c144ea379b33c7b08777812b2"},"logId":"eb4290719ac8a4d5badbecbd7f5ff7aa"}
{"path":"/hasLogin","req":{"tokencode":"d0240c7c144ea379b33c7b08777812b2"},"logId":"f6c90506102958aab54b3c91bd6a0b24"}
{"path":"/login","req":{"email":"1418145349@qq.com","pwd":"du42DU!"},"logId":"7c3b1a0ff0a78cdfe0f05303aa055ef1"}
{"path":"/article","req":{"tokencode":"bffbab96f5e5a0ec3b15c27b76743e8c"},"logId":"860b88387958585fae50a194fabe525d"}
{"path":"/getMsgList","req":{"tokencode":"bffbab96f5e5a0ec3b15c27b76743e8c"},"logId":"0813ba0d8e0b541b4fa4cd73a47739e5"}
{"path":"/getMsgList","req":{"tokencode":"bffbab96f5e5a0ec3b15c27b76743e8c"},"logId":"0813ba0d8e0b541b4fa4cd73a47739e5"}
{"path":"/getMsgList","req":{"tokencode":"bffbab96f5e5a0ec3b15c27b76743e8c"},"logId":"0f633a1b818b0f9cf227e4d629b59192"}
{"path":"/hasLogin","req":{"tokencode":"bffbab96f5e5a0ec3b15c27b76743e8c"},"logId":"0f633a1b818b0f9cf227e4d629b59192"}
{"path":"/article","req":{"tokencode":"bffbab96f5e5a0ec3b15c27b76743e8c"},"logId":"073215f26905536f16c6310b35b35338"}
{"path":"/getMsgList","req":{"tokencode":"bffbab96f5e5a0ec3b15c27b76743e8c"},"logId":"cf09557e033fda3b5a992c719090e2b3"}
{"path":"/getMsgList","req":{"tokencode":"bffbab96f5e5a0ec3b15c27b76743e8c"},"logId":"cf09557e033fda3b5a992c719090e2b3"}
{"path":"/getMsgList","req":{"tokencode":"bffbab96f5e5a0ec3b15c27b76743e8c"},"logId":"f792442cff9c556774c19ee75ed3579e"}
{"path":"/getMsgList","req":{"tokencode":"bffbab96f5e5a0ec3b15c27b76743e8c"},"logId":"f792442cff9c556774c19ee75ed3579e"}
{"path":"/getMsgList","req":{"tokencode":"bffbab96f5e5a0ec3b15c27b76743e8c"},"logId":"6ee984b7f69b00e2e02fbde44296013d"}
{"path":"/getMsgList","req":{"tokencode":"bffbab96f5e5a0ec3b15c27b76743e8c"},"logId":"6ee984b7f69b00e2e02fbde44296013d"}
{"path":"/getMsgList","req":{"tokencode":"bffbab96f5e5a0ec3b15c27b76743e8c"},"logId":"642e2ac63aa2d5774e26af5eedcf1ba7"}
{"path":"/getMsgList","req":{"tokencode":"bffbab96f5e5a0ec3b15c27b76743e8c"},"logId":"642e2ac63aa2d5774e26af5eedcf1ba7"}
{"path":"/getMsgList","req":{"tokencode":"bffbab96f5e5a0ec3b15c27b76743e8c"},"logId":"f40a46a3f73707f8da647e6ef52da09b"}
{"path":"/getMsgList","req":{"tokencode":"bffbab96f5e5a0ec3b15c27b76743e8c"},"logId":"f40a46a3f73707f8da647e6ef52da09b"}
{"path":"/getMsgList","req":{"tokencode":"bffbab96f5e5a0ec3b15c27b76743e8c"},"logId":"ed257d6d0bab8827eba480201e1292ab"}
{"path":"/getMsgList","req":{"tokencode":"bffbab96f5e5a0ec3b15c27b76743e8c"},"logId":"ed257d6d0bab8827eba480201e1292ab"}
{"path":"/getMsgList","req":{"tokencode":"bffbab96f5e5a0ec3b15c27b76743e8c"},"logId":"e7a1b235bd58164c7c1c8ee9fabbe261"}
{"path":"/getMsgList","req":{"tokencode":"bffbab96f5e5a0ec3b15c27b76743e8c"},"logId":"e7a1b235bd58164c7c1c8ee9fabbe261"}
{"path":"/getMsgList","req":{"tokencode":"bffbab96f5e5a0ec3b15c27b76743e8c"},"logId":"18d97a8b7a245a29d03551b12d43227a"}
{"path":"/getMsgList","req":{"tokencode":"bffbab96f5e5a0ec3b15c27b76743e8c"},"logId":"18d97a8b7a245a29d03551b12d43227a"}
{"path":"/getMsgList","req":{"tokencode":"bffbab96f5e5a0ec3b15c27b76743e8c"},"logId":"ea31119d3fb976c99cbaf8a43e717dcc"}
{"path":"/getMsgList","req":{"tokencode":"bffbab96f5e5a0ec3b15c27b76743e8c"},"logId":"ea31119d3fb976c99cbaf8a43e717dcc"}
{"path":"/getMsgList","req":{"tokencode":"bffbab96f5e5a0ec3b15c27b76743e8c"},"logId":"deac7b01067b8a28c83a775cf35419ab"}
{"path":"/getMsgList","req":{"tokencode":"bffbab96f5e5a0ec3b15c27b76743e8c"},"logId":"deac7b01067b8a28c83a775cf35419ab"}
{"path":"/getMsgList","req":{"tokencode":"bffbab96f5e5a0ec3b15c27b76743e8c"},"logId":"59e44894d15d5e88f2fb1dd2a1a37a6f"}
{"path":"/getMsgList","req":{"tokencode":"bffbab96f5e5a0ec3b15c27b76743e8c"},"logId":"59e44894d15d5e88f2fb1dd2a1a37a6f"}
{"path":"/getMsgList","req":{"tokencode":"bffbab96f5e5a0ec3b15c27b76743e8c"},"logId":"eb85ec0d119518cf7766243d6a467067"}
{"path":"/getMsgList","req":{"tokencode":"bffbab96f5e5a0ec3b15c27b76743e8c"},"logId":"eb85ec0d119518cf7766243d6a467067"}
{"path":"/hasLogin","req":{"tokencode":"bffbab96f5e5a0ec3b15c27b76743e8c"},"logId":"14d794be06eb7604085f3123ded67298"}
{"path":"/getMsgList","req":{"tokencode":"bffbab96f5e5a0ec3b15c27b76743e8c"},"logId":"14d794be06eb7604085f3123ded67298"}
{"path":"/article","req":{"tokencode":"bffbab96f5e5a0ec3b15c27b76743e8c"},"logId":"ebc0205bd3086db084b619a522329cbb"}
{"path":"/getMsgList","req":{"tokencode":"bffbab96f5e5a0ec3b15c27b76743e8c"},"logId":"4c9456ae88286891fced16f84ea506cd"}
{"path":"/getMsgList","req":{"tokencode":"bffbab96f5e5a0ec3b15c27b76743e8c"},"logId":"4c9456ae88286891fced16f84ea506cd"}
{"path":"/getMsgList","req":{"tokencode":"bffbab96f5e5a0ec3b15c27b76743e8c"},"logId":"febc85169a1f82f54fc49b668c102825"}
{"path":"/hasLogin","req":{"tokencode":"bffbab96f5e5a0ec3b15c27b76743e8c"},"logId":"febc85169a1f82f54fc49b668c102825"}
{"path":"/article","req":{"tokencode":"bffbab96f5e5a0ec3b15c27b76743e8c"},"logId":"72f27eb8b0c177dce03cd8103c5a6630"}
{"path":"/getMsgList","req":{"tokencode":"bffbab96f5e5a0ec3b15c27b76743e8c"},"logId":"e0a978ac7eab6ce051665fedc9c5ced7"}
{"path":"/getMsgList","req":{"tokencode":"bffbab96f5e5a0ec3b15c27b76743e8c"},"logId":"e0a978ac7eab6ce051665fedc9c5ced7"}
{"path":"/getMsgList","req":{"tokencode":"bffbab96f5e5a0ec3b15c27b76743e8c"},"logId":"8e223385be4ea885cee734813518b7e9"}
{"path":"/getMsgList","req":{"tokencode":"bffbab96f5e5a0ec3b15c27b76743e8c"},"logId":"8e223385be4ea885cee734813518b7e9"}
{"path":"/getMsgList","req":{"tokencode":"bffbab96f5e5a0ec3b15c27b76743e8c"},"logId":"ace803997112188b3b8f7e0c63a7a534"}
{"path":"/getMsgList","req":{"tokencode":"bffbab96f5e5a0ec3b15c27b76743e8c"},"logId":"ace803997112188b3b8f7e0c63a7a534"}
{"path":"/getMsgList","req":{"tokencode":"bffbab96f5e5a0ec3b15c27b76743e8c"},"logId":"edea5792c101146ab16a55ea8c8171de"}
{"path":"/getMsgList","req":{"tokencode":"bffbab96f5e5a0ec3b15c27b76743e8c"},"logId":"edea5792c101146ab16a55ea8c8171de"}
{"path":"/getMsgList","req":{"tokencode":"bffbab96f5e5a0ec3b15c27b76743e8c"},"logId":"5034ccc53d186a0c4778de7fbd1be3f2"}
{"path":"/getMsgList","req":{"tokencode":"bffbab96f5e5a0ec3b15c27b76743e8c"},"logId":"5034ccc53d186a0c4778de7fbd1be3f2"}
{"path":"/getMsgList","req":{"tokencode":"bffbab96f5e5a0ec3b15c27b76743e8c"},"logId":"89bba6dea2913defe886ad318c20c738"}
{"path":"/getMsgList","req":{"tokencode":"bffbab96f5e5a0ec3b15c27b76743e8c"},"logId":"40fa40147e384003a214ed323321803d"}
{"path":"/getMsgList","req":{"tokencode":"bffbab96f5e5a0ec3b15c27b76743e8c"},"logId":"07f1913c72e6c05b81af122b5c81f255"}
{"path":"/getMsgList","req":{"tokencode":"bffbab96f5e5a0ec3b15c27b76743e8c"},"logId":"07f1913c72e6c05b81af122b5c81f255"}
{"path":"/getMsgList","req":{"tokencode":"bffbab96f5e5a0ec3b15c27b76743e8c"},"logId":"534d29a8640446a1a55b14039d1138a7"}
{"path":"/getMsgList","req":{"tokencode":"bffbab96f5e5a0ec3b15c27b76743e8c"},"logId":"a177ed014a2417bd03f704ecb7361496"}
{"path":"/hasLogin","req":{"tokencode":"bffbab96f5e5a0ec3b15c27b76743e8c"},"logId":"09fb5f74502607ff9f15b3f9b4225d91"}
{"path":"/getMsgList","req":{"tokencode":"bffbab96f5e5a0ec3b15c27b76743e8c"},"logId":"09fb5f74502607ff9f15b3f9b4225d91"}
{"path":"/getMsgList","req":{"tokencode":"bffbab96f5e5a0ec3b15c27b76743e8c"},"logId":"396b80d2788a9a12d11438c20a90eece"}
{"path":"/getMsgList","req":{"tokencode":"bffbab96f5e5a0ec3b15c27b76743e8c"},"logId":"396b80d2788a9a12d11438c20a90eece"}
{"path":"/getMsgList","req":{"tokencode":"bffbab96f5e5a0ec3b15c27b76743e8c"},"logId":"cc9afdc5880ec4d476ecdd4295ac19a0"}
{"path":"/getMsgList","req":{"tokencode":"bffbab96f5e5a0ec3b15c27b76743e8c"},"logId":"3eb1ad1e409e8da2d1c9081fa84cb412"}
{"path":"/getMsgList","req":{"tokencode":"bffbab96f5e5a0ec3b15c27b76743e8c"},"logId":"31a1c13f7a741690cf4c603d69fb3dac"}
{"path":"/getMsgList","req":{"tokencode":"bffbab96f5e5a0ec3b15c27b76743e8c"},"logId":"31a1c13f7a741690cf4c603d69fb3dac"}
{"path":"/getMsgList","req":{"tokencode":"bffbab96f5e5a0ec3b15c27b76743e8c"},"logId":"e3018a12d68f33b8200ad6531ae0d4ba"}
{"path":"/getMsgList","req":{"tokencode":"bffbab96f5e5a0ec3b15c27b76743e8c"},"logId":"e3018a12d68f33b8200ad6531ae0d4ba"}
{"path":"/getMsgList","req":{"tokencode":"bffbab96f5e5a0ec3b15c27b76743e8c"},"logId":"46050ca025002baa436e42da4b042bc5"}
{"path":"/getMsgList","req":{"tokencode":"bffbab96f5e5a0ec3b15c27b76743e8c"},"logId":"46050ca025002baa436e42da4b042bc5"}
{"path":"/getMsgList","req":{"tokencode":"bffbab96f5e5a0ec3b15c27b76743e8c"},"logId":"28f7c4a859acfb042ef2845c11a10ce0"}
{"path":"/hasLogin","req":{"tokencode":"bffbab96f5e5a0ec3b15c27b76743e8c"},"logId":"28f7c4a859acfb042ef2845c11a10ce0"}
{"path":"/getMsgList","req":{"tokencode":"bffbab96f5e5a0ec3b15c27b76743e8c"},"logId":"82c1e0445d21ff424406a1b72f98e626"}
{"path":"/getMsgList","req":{"tokencode":"bffbab96f5e5a0ec3b15c27b76743e8c"},"logId":"82c1e0445d21ff424406a1b72f98e626"}
{"path":"/getMsgList","req":{"tokencode":"bffbab96f5e5a0ec3b15c27b76743e8c"},"logId":"c0d099d02bb48214e7355787f70c8698"}
{"path":"/getMsgList","req":{"tokencode":"bffbab96f5e5a0ec3b15c27b76743e8c"},"logId":"74f432efe302f37bdc6159723c61aef3"}
{"path":"/getMsgList","req":{"tokencode":"bffbab96f5e5a0ec3b15c27b76743e8c"},"logId":"ab18ed44a61c834405ceaf3ebba67b75"}
{"path":"/getMsgList","req":{"tokencode":"bffbab96f5e5a0ec3b15c27b76743e8c"},"logId":"f0a7704ee5081ff52eb6ec9e900becac"}
{"path":"/getMsgList","req":{"tokencode":"bffbab96f5e5a0ec3b15c27b76743e8c"},"logId":"085eb9eee104acfbbe6eceaf40260658"}
{"path":"/getMsgList","req":{"tokencode":"bffbab96f5e5a0ec3b15c27b76743e8c"},"logId":"28ea7368182ac44de0a1a82a60001f64"}
{"path":"/getMsgList","req":{"tokencode":"bffbab96f5e5a0ec3b15c27b76743e8c"},"logId":"b7fb9a2410a12fa4fe45cf72653a1163"}
{"path":"/getMsgList","req":{"tokencode":"bffbab96f5e5a0ec3b15c27b76743e8c"},"logId":"d452847e579dbdb4dfbf389d2826a1e8"}
{"path":"/getMsgList","req":{"tokencode":"bffbab96f5e5a0ec3b15c27b76743e8c"},"logId":"6b1007aeae8d97f2a386c5e928b27839"}
{"path":"/getMsgList","req":{"tokencode":"bffbab96f5e5a0ec3b15c27b76743e8c"},"logId":"68d5bc79c33db9138a529d28a4d70af9"}
{"path":"/getMsgList","req":{"tokencode":"bffbab96f5e5a0ec3b15c27b76743e8c"},"logId":"dafbecb7bd1c28995ffb48f4c6f63ad8"}
{"path":"/getMsgList","req":{"tokencode":"bffbab96f5e5a0ec3b15c27b76743e8c"},"logId":"8512077f57f1a8d96aaa2dec0c35727b"}
{"path":"/getMsgList","req":{"tokencode":"bffbab96f5e5a0ec3b15c27b76743e8c"},"logId":"9b9871dc460b0bf185918c30d682c854"}
{"path":"/getMsgList","req":{"tokencode":"bffbab96f5e5a0ec3b15c27b76743e8c"},"logId":"9b9871dc460b0bf185918c30d682c854"}
{"path":"/getMsgList","req":{"tokencode":"bffbab96f5e5a0ec3b15c27b76743e8c"},"logId":"91411c0ea714b2190063133e85b8a239"}
{"path":"/getMsgList","req":{"tokencode":"bffbab96f5e5a0ec3b15c27b76743e8c"},"logId":"91411c0ea714b2190063133e85b8a239"}
{"path":"/getMsgList","req":{"tokencode":"bffbab96f5e5a0ec3b15c27b76743e8c"},"logId":"f8daff3ae1ececaba10df5d536a6800e"}
{"path":"/getMsgList","req":{"tokencode":"bffbab96f5e5a0ec3b15c27b76743e8c"},"logId":"f8daff3ae1ececaba10df5d536a6800e"}
{"path":"/getMsgList","req":{"tokencode":"bffbab96f5e5a0ec3b15c27b76743e8c"},"logId":"f3f355131a6f1ca5f8c6d07ec98d07a2"}
{"path":"/getMsgList","req":{"tokencode":"bffbab96f5e5a0ec3b15c27b76743e8c"},"logId":"f3f355131a6f1ca5f8c6d07ec98d07a2"}
{"path":"/getMsgList","req":{"tokencode":"bffbab96f5e5a0ec3b15c27b76743e8c"},"logId":"1ff146590dd2444e721d5fac26435fd2"}
{"path":"/getMsgList","req":{"tokencode":"bffbab96f5e5a0ec3b15c27b76743e8c"},"logId":"1ff146590dd2444e721d5fac26435fd2"}
{"path":"/getMsgList","req":{"tokencode":"bffbab96f5e5a0ec3b15c27b76743e8c"},"logId":"fa3c81cee6b4d7324d2f0a0cdd1b6fe1"}
{"path":"/getMsgList","req":{"tokencode":"bffbab96f5e5a0ec3b15c27b76743e8c"},"logId":"530ed838e3b5b59cbf4d4aae259817b6"}
{"path":"/getMsgList","req":{"tokencode":"bffbab96f5e5a0ec3b15c27b76743e8c"},"logId":"a869c547b7d5d6a8e2ca0782bc88674b"}
{"path":"/getMsgList","req":{"tokencode":"bffbab96f5e5a0ec3b15c27b76743e8c"},"logId":"a869c547b7d5d6a8e2ca0782bc88674b"}
{"path":"/hasLogin","req":{"tokencode":"bffbab96f5e5a0ec3b15c27b76743e8c"},"logId":"ef37c739fe59b113799a0615b5321e43"}
{"path":"/getMsgList","req":{"tokencode":"bffbab96f5e5a0ec3b15c27b76743e8c"},"logId":"ef37c739fe59b113799a0615b5321e43"}
